Mon Jun 26 15:42:41 2023       
+-----------------------------------------------------------------------------+
| NVIDIA-SMI 525.116.04   Driver Version: 525.116.04   CUDA Version: 12.0     |
|-------------------------------+----------------------+----------------------+
| GPU  Name        Persistence-M| Bus-Id        Disp.A | Volatile Uncorr. ECC |
| Fan  Temp  Perf  Pwr:Usage/Cap|         Memory-Usage | GPU-Util  Compute M. |
|                               |                      |               MIG M. |
|===============================+======================+======================|
|   0  NVIDIA GeForce ...  On   | 00000000:01:00.0  On |                  Off |
| 77%   61C    P2   201W / 450W |   6091MiB / 24564MiB |     77%      Default |
|                               |                      |                  N/A |
+-------------------------------+----------------------+----------------------+
                                                                               
+-----------------------------------------------------------------------------+
| Processes:                                                                  |
|  GPU   GI   CI        PID   Type   Process name                  GPU Memory |
|        ID   ID                                                   Usage      |
|=============================================================================|
|    0   N/A  N/A      2126      G   /usr/lib/xorg/Xorg                460MiB |
|    0   N/A  N/A      2273      G   /usr/bin/gnome-shell              162MiB |
|    0   N/A  N/A      3714      G   ...0/usr/lib/firefox/firefox      379MiB |
|    0   N/A  N/A      6205      G   ...features=BackForwardCache      106MiB |
|    0   N/A  N/A     61428      C   ...a3/envs/my_env/bin/python     1216MiB |
|    0   N/A  N/A     64126      C   python                           3760MiB |
+-----------------------------------------------------------------------------+
