Mon Jun 26 21:02:36 2023       
+-----------------------------------------------------------------------------+
| NVIDIA-SMI 525.116.04   Driver Version: 525.116.04   CUDA Version: 12.0     |
|-------------------------------+----------------------+----------------------+
| GPU  Name        Persistence-M| Bus-Id        Disp.A | Volatile Uncorr. ECC |
| Fan  Temp  Perf  Pwr:Usage/Cap|         Memory-Usage | GPU-Util  Compute M. |
|                               |                      |               MIG M. |
|===============================+======================+======================|
|   0  NVIDIA GeForce ...  On   | 00000000:01:00.0  On |                  Off |
| 91%   79C    P2   408W / 450W |  22283MiB / 24564MiB |     98%      Default |
|                               |                      |                  N/A |
+-------------------------------+----------------------+----------------------+
                                                                               
+-----------------------------------------------------------------------------+
| Processes:                                                                  |
|  GPU   GI   CI        PID   Type   Process name                  GPU Memory |
|        ID   ID                                                   Usage      |
|=============================================================================|
|    0   N/A  N/A      2126      G   /usr/lib/xorg/Xorg                600MiB |
|    0   N/A  N/A      2273      G   /usr/bin/gnome-shell               90MiB |
|    0   N/A  N/A     77954      G   ...RendererForSitePerProcess       65MiB |
|    0   N/A  N/A     88734      G   ...0/usr/lib/firefox/firefox      515MiB |
|    0   N/A  N/A    122700      C   python                          21006MiB |
+-----------------------------------------------------------------------------+
